Discord started loading app.asar/app_bootstrap/index.js
Discord started loading app.asar/app_bootstrap/buildInfo.js
Discord started loading app.asar/app_bootstrap/errorHandler.js
Discord started loading app.asar/common/paths.js
Discord started loading app.asar/node_modules/mkdirp/index.js
Discord started loading app.asar/node_modules/rimraf/rimraf.js
Discord started loading app.asar/node_modules/glob/glob.js
Discord started loading app.asar/node_modules/fs.realpath/index.js
Discord started loading app.asar/node_modules/fs.realpath/old.js
Discord started loading app.asar/node_modules/minimatch/minimatch.js
Discord started loading app.asar/node_modules/brace-expansion/index.js
Discord started loading app.asar/node_modules/concat-map/index.js
Discord started loading app.asar/node_modules/balanced-match/index.js
Discord started loading app.asar/node_modules/inherits/inherits.js
Discord started loading app.asar/node_modules/path-is-absolute/index.js
Discord started loading app.asar/node_modules/glob/sync.js
Discord started loading app.asar/node_modules/glob/common.js
Discord started loading app.asar/node_modules/inflight/inflight.js
Discord started loading app.asar/node_modules/wrappy/wrappy.js
Discord started loading app.asar/node_modules/once/once.js
Discord started loading app.asar/app_bootstrap/appSettings.js
Discord started loading app.asar/common/Settings.js
Discord started loading app.asar/app_bootstrap/Constants.js
Discord started loading app.asar/app_bootstrap/GPUSettings.js
Discord started loading app.asar/app_bootstrap/singleInstance.js
Discord started loading app.asar/app_bootstrap/appUpdater.js
Discord started loading app.asar/common/moduleUpdater.js
Discord started loading app.asar/node_modules/yauzl/index.js
Discord started loading app.asar/node_modules/fd-slicer/index.js
Discord started loading app.asar/node_modules/pend/index.js
Discord started loading app.asar/node_modules/buffer-crc32/index.js
Discord started loading app.asar/common/Backoff.js
Discord started loading app.asar/app_bootstrap/request.js
Discord started loading app.asar/node_modules/request/index.js
Discord started loading app.asar/node_modules/extend/index.js
Discord started loading app.asar/node_modules/request/lib/cookies.js
Discord started loading app.asar/node_modules/tough-cookie/lib/cookie.js
Discord started loading app.asar/node_modules/tough-cookie/lib/pubsuffix.js
Discord started loading app.asar/node_modules/tough-cookie/lib/store.js
Discord started loading app.asar/node_modules/tough-cookie/lib/memstore.js
Discord started loading app.asar/node_modules/tough-cookie/lib/permuteDomain.js
Discord started loading app.asar/node_modules/tough-cookie/lib/pathMatch.js
Discord started loading app.asar/node_modules/request/lib/helpers.js
Discord started loading app.asar/node_modules/json-stringify-safe/stringify.js
Discord started loading app.asar/node_modules/request/request.js
Discord started loading app.asar/node_modules/bl/bl.js
Discord started loading app.asar/node_modules/readable-stream/duplex.js
Discord started loading app.asar/node_modules/readable-stream/lib/_stream_duplex.js
Discord started loading app.asar/node_modules/process-nextick-args/index.js
Discord started loading app.asar/node_modules/core-util-is/lib/util.js
Discord started loading app.asar/node_modules/readable-stream/lib/_stream_readable.js
Discord started loading app.asar/node_modules/isarray/index.js
Discord started loading app.asar/node_modules/readable-stream/lib/_stream_writable.js
Discord started loading app.asar/node_modules/util-deprecate/node.js
Discord started loading app.asar/node_modules/hawk/lib/index.js
Discord started loading app.asar/node_modules/boom/lib/index.js
Discord started loading app.asar/node_modules/hoek/lib/index.js
Discord started loading app.asar/node_modules/hoek/lib/escape.js
Discord started loading app.asar/node_modules/sntp/index.js
Discord started loading app.asar/node_modules/sntp/lib/index.js
Discord started loading app.asar/node_modules/hawk/lib/server.js
Discord started loading app.asar/node_modules/cryptiles/lib/index.js
Discord started loading app.asar/node_modules/hawk/lib/crypto.js
Discord started loading app.asar/node_modules/hawk/lib/utils.js
Discord started loading app.asar/node_modules/hawk/lib/client.js
Discord started loading app.asar/node_modules/aws-sign2/index.js
Discord started loading app.asar/node_modules/aws4/aws4.js
Discord started loading app.asar/node_modules/aws4/lru.js
Discord started loading app.asar/node_modules/http-signature/lib/index.js
Discord started loading app.asar/node_modules/http-signature/lib/parser.js
Discord started loading app.asar/node_modules/http-signature/node_modules/assert-plus/assert.js
Discord started loading app.asar/node_modules/http-signature/lib/utils.js
Discord started loading app.asar/node_modules/sshpk/lib/index.js
Discord started loading app.asar/node_modules/sshpk/lib/key.js
Discord started loading app.asar/node_modules/assert-plus/assert.js
Discord started loading app.asar/node_modules/sshpk/lib/algs.js
Discord started loading app.asar/node_modules/sshpk/lib/fingerprint.js
Discord started loading app.asar/node_modules/sshpk/lib/errors.js
Discord started loading app.asar/node_modules/sshpk/lib/certificate.js
Discord started loading app.asar/node_modules/sshpk/lib/signature.js
Discord started loading app.asar/node_modules/sshpk/lib/utils.js
Discord started loading app.asar/node_modules/sshpk/lib/private-key.js
Discord started loading app.asar/node_modules/sshpk/lib/dhe.js
Discord started loading app.asar/node_modules/sshpk/lib/ed-compat.js
Discord started loading app.asar/node_modules/sshpk/lib/formats/auto.js
Discord started loading app.asar/node_modules/sshpk/lib/formats/pem.js
Discord started loading app.asar/node_modules/asn1/lib/index.js
Discord started loading app.asar/node_modules/asn1/lib/ber/index.js
Discord started loading app.asar/node_modules/asn1/lib/ber/errors.js
Discord started loading app.asar/node_modules/asn1/lib/ber/types.js
Discord started loading app.asar/node_modules/asn1/lib/ber/reader.js
Discord started loading app.asar/node_modules/asn1/lib/ber/writer.js
Discord started loading app.asar/node_modules/sshpk/lib/formats/pkcs1.js
Discord started loading app.asar/node_modules/sshpk/lib/formats/pkcs8.js
Discord started loading app.asar/node_modules/sshpk/lib/formats/ssh-private.js
Discord started loading app.asar/node_modules/sshpk/lib/formats/rfc4253.js
Discord started loading app.asar/node_modules/sshpk/lib/ssh-buffer.js
Discord started loading app.asar/node_modules/sshpk/lib/formats/ssh.js
Discord started loading app.asar/node_modules/sshpk/lib/identity.js
Discord started loading app.asar/node_modules/sshpk/lib/formats/openssh-cert.js
Discord started loading app.asar/node_modules/sshpk/lib/formats/x509.js
Discord started loading app.asar/node_modules/sshpk/lib/formats/x509-pem.js
Discord started loading app.asar/node_modules/http-signature/lib/signer.js
Discord started loading app.asar/node_modules/jsprim/lib/jsprim.js
Discord started loading app.asar/node_modules/extsprintf/lib/extsprintf.js
Discord started loading app.asar/node_modules/verror/lib/verror.js
Discord started loading app.asar/node_modules/verror/node_modules/extsprintf/lib/extsprintf.js
Discord started loading app.asar/node_modules/json-schema/lib/validate.js
Discord started loading app.asar/node_modules/http-signature/lib/verify.js
Discord started loading app.asar/node_modules/mime-types/index.js
Discord started loading app.asar/node_modules/mime-db/index.js
Discord started loading app.asar/node_modules/stringstream/stringstream.js
Discord started loading app.asar/node_modules/caseless/index.js
Discord started loading app.asar/node_modules/forever-agent/index.js
Discord started loading app.asar/node_modules/form-data/lib/form_data.js
Discord started loading app.asar/node_modules/combined-stream/lib/combined_stream.js
Discord started loading app.asar/node_modules/delayed-stream/lib/delayed_stream.js
Discord started loading app.asar/node_modules/async/dist/async.js
Discord started loading app.asar/node_modules/form-data/lib/populate.js
Discord started loading app.asar/node_modules/isstream/isstream.js
Discord started loading app.asar/node_modules/is-typedarray/index.js
Discord started loading app.asar/node_modules/request/lib/getProxyFromURI.js
Discord started loading app.asar/node_modules/request/lib/querystring.js
Discord started loading app.asar/node_modules/qs/lib/index.js
Discord started loading app.asar/node_modules/qs/lib/stringify.js
Discord started loading app.asar/node_modules/qs/lib/utils.js
Discord started loading app.asar/node_modules/qs/lib/parse.js
Discord started loading app.asar/node_modules/request/lib/har.js
Discord started loading app.asar/node_modules/har-validator/lib/index.js
Discord started loading app.asar/node_modules/pinkie-promise/index.js
Discord started loading app.asar/node_modules/har-validator/lib/runner.js
Discord started loading app.asar/node_modules/har-validator/lib/schemas/index.js
Discord started loading app.asar/node_modules/har-validator/lib/error.js
Discord started loading app.asar/node_modules/is-my-json-valid/index.js
Discord started loading app.asar/node_modules/generate-object-property/index.js
Discord started loading app.asar/node_modules/is-property/is-property.js
Discord started loading app.asar/node_modules/generate-function/index.js
Discord started loading app.asar/node_modules/jsonpointer/jsonpointer.js
Discord started loading app.asar/node_modules/xtend/immutable.js
Discord started loading app.asar/node_modules/is-my-json-valid/formats.js
Discord started loading app.asar/node_modules/request/lib/auth.js
Discord started loading app.asar/node_modules/node-uuid/uuid.js
Discord started loading app.asar/node_modules/request/lib/oauth.js
Discord started loading app.asar/node_modules/oauth-sign/index.js
Discord started loading app.asar/node_modules/request/lib/multipart.js
Discord started loading app.asar/node_modules/request/lib/redirect.js
Discord started loading app.asar/node_modules/request/lib/tunnel.js
Discord started loading app.asar/node_modules/tunnel-agent/index.js
Discord started loading app.asar/app_bootstrap/splashScreen.js
Discord started loading app.asar/app_bootstrap/autoStart/index.js
Discord started loading app.asar/app_bootstrap/autoStart/linux.js
Discord started loading app.asar/app_bootstrap/startupMenu/index.js
Discord started loading app.asar/app_bootstrap/startupMenu/linux.js
Discord started loading app.asar/app_bootstrap/hostUpdater.js
Discord started loading app.asar/app_bootstrap/squirrelUpdate.js
Discord started loading app.asar/app_bootstrap/windowsUtils.js
Discord started loading /home/nightmare/.config/discordcanary/0.0.45/modules/discord_desktop_core/index.js
Discord started loading /home/nightmare/.config/discordcanary/0.0.45/modules/discord_desktop_core/core.asar/app/index.js
Discord started loading /home/nightmare/.config/discordcanary/0.0.45/modules/discord_desktop_core/core.asar/app/bootstrapModules.js
Discord started loading /home/nightmare/.config/discordcanary/0.0.45/modules/discord_desktop_core/core.asar/app/paths.js
Discord started loading /home/nightmare/.config/discordcanary/0.0.45/modules/discord_desktop_core/core.asar/app/splashScreen.js
Discord started loading /home/nightmare/.config/discordcanary/0.0.45/modules/discord_desktop_core/core.asar/app/moduleUpdater.js
Discord started loading /home/nightmare/.config/discordcanary/0.0.45/modules/discord_desktop_core/core.asar/app/autoStart.js
Discord started loading /home/nightmare/.config/discordcanary/0.0.45/modules/discord_desktop_core/core.asar/app/buildInfo.js
Discord started loading /home/nightmare/.config/discordcanary/0.0.45/modules/discord_desktop_core/core.asar/app/appSettings.js
Discord started loading /home/nightmare/.config/discordcanary/0.0.45/modules/discord_desktop_core/core.asar/app/Constants.js
Discord started loading /home/nightmare/.config/discordcanary/0.0.45/modules/discord_desktop_core/core.asar/app/errorReporting.js
Discord started loading electron.asar/common/api/crash-reporter.js
Discord started loading /home/nightmare/.config/discordcanary/0.0.45/modules/discord_desktop_core/core.asar/app/appFeatures.js
Discord started loading /home/nightmare/.config/discordcanary/0.0.45/modules/discord_desktop_core/core.asar/common/FeatureFlags.js
Discord started loading /home/nightmare/.config/discordcanary/0.0.45/modules/discord_desktop_core/core.asar/app/GPUSettings.js
Discord started loading /home/nightmare/.config/discordcanary/0.0.45/modules/discord_desktop_core/core.asar/app/rootCertificates.js
Discord started loading /home/nightmare/.config/discordcanary/0.0.45/modules/discord_desktop_core/core.asar/app/applicationMenu/index.js
Discord started loading /home/nightmare/.config/discordcanary/0.0.45/modules/discord_desktop_core/core.asar/app/applicationMenu/linux.js
Discord started loading /home/nightmare/.config/discordcanary/0.0.45/modules/discord_desktop_core/core.asar/app/mainScreen.js
Discord started loading /home/nightmare/.config/discordcanary/0.0.45/modules/discord_desktop_core/core.asar/common/Backoff.js
Discord started loading /home/nightmare/.config/discordcanary/0.0.45/modules/discord_desktop_core/core.asar/app/notificationScreen.js
Discord started loading /home/nightmare/.config/discordcanary/0.0.45/modules/discord_desktop_core/core.asar/app/systemTray.js
Discord started loading /home/nightmare/.config/discordcanary/0.0.45/modules/discord_desktop_core/core.asar/app/utils.js
Discord started loading /home/nightmare/.config/discordcanary/0.0.45/modules/discord_desktop_core/core.asar/app/appBadge.js
Discord started loading /home/nightmare/.config/discordcanary/0.0.45/modules/discord_desktop_core/core.asar/app/appConfig.js
Discord started loading electron.asar/browser/api/screen.js
Discord started loading electron.asar/browser/api/tray.js
Discord started loading electron.asar/browser/api/power-monitor.js